2025-12-15 20:19:16,062 INFO: Sustainability Volunteer Service startup [in C:\Users\°½ÑåÏè\PycharmProjects\SustainabilityVolunteersService\app.py:74]
2025-12-15 20:19:16,089 INFO: Seeding sample data... [in C:\Users\°½ÑåÏè\PycharmProjects\SustainabilityVolunteersService\app.py:156]
2025-12-15 20:19:16,117 INFO: Sample data seeded successfully. [in C:\Users\°½ÑåÏè\PycharmProjects\SustainabilityVolunteersService\app.py:370]
2025-12-15 20:19:16,118 INFO: Updated project 'Beach Cleanup Action' date to 2025-12-31 [in C:\Users\°½ÑåÏè\PycharmProjects\SustainabilityVolunteersService\app.py:147]
2025-12-15 20:19:16,118 INFO: Updated project 'River Conservation Program' date to 2026-01-01 [in C:\Users\°½ÑåÏè\PycharmProjects\SustainabilityVolunteersService\app.py:147]
2025-12-15 20:19:16,118 INFO: Updated project 'Community Book Donation' date to 2026-01-04 [in C:\Users\°½ÑåÏè\PycharmProjects\SustainabilityVolunteersService\app.py:147]
2025-12-15 20:19:16,119 INFO: Updated project 'Urban Street Tree Care' date to 2026-01-05 [in C:\Users\°½ÑåÏè\PycharmProjects\SustainabilityVolunteersService\app.py:147]
2025-12-15 20:19:16,120 INFO: Updated 9 project dates [in C:\Users\°½ÑåÏè\PycharmProjects\SustainabilityVolunteersService\app.py:150]
2025-12-17 20:39:19,413 INFO: Sustainability Volunteer Service startup [in C:\Users\°½ÑåÏè\PycharmProjects\SustainabilityVolunteersService\app.py:72]
2025-12-17 20:39:19,474 INFO: Seeding sample data... [in C:\Users\°½ÑåÏè\PycharmProjects\SustainabilityVolunteersService\app.py:154]
2025-12-17 20:39:19,553 INFO: Sample data seeded successfully. [in C:\Users\°½ÑåÏè\PycharmProjects\SustainabilityVolunteersService\app.py:368]
2025-12-17 20:39:19,556 INFO: Updated project 'Beach Cleanup Action' date to 2026-01-02 [in C:\Users\°½ÑåÏè\PycharmProjects\SustainabilityVolunteersService\app.py:145]
2025-12-17 20:39:19,556 INFO: Updated project 'River Conservation Program' date to 2026-01-03 [in C:\Users\°½ÑåÏè\PycharmProjects\SustainabilityVolunteersService\app.py:145]
2025-12-17 20:39:19,559 INFO: Updated project 'Community Book Donation' date to 2026-01-06 [in C:\Users\°½ÑåÏè\PycharmProjects\SustainabilityVolunteersService\app.py:145]
2025-12-17 20:39:19,559 INFO: Updated project 'Urban Street Tree Care' date to 2026-01-07 [in C:\Users\°½ÑåÏè\PycharmProjects\SustainabilityVolunteersService\app.py:145]
2025-12-17 20:39:19,562 INFO: Updated 9 project dates [in C:\Users\°½ÑåÏè\PycharmProjects\SustainabilityVolunteersService\app.py:148]
2025-12-17 21:33:59,102 INFO: Sustainability Volunteer Service startup [in C:\Users\°½ÑåÏè\PycharmProjects\SustainabilityVolunteersService\app.py:82]
2025-12-17 21:33:59,132 INFO: Seeding sample data... [in C:\Users\°½ÑåÏè\PycharmProjects\SustainabilityVolunteersService\app.py:164]
2025-12-17 21:34:26,028 INFO: Sustainability Volunteer Service startup [in C:\Users\°½ÑåÏè\PycharmProjects\SustainabilityVolunteersService\app.py:82]
2025-12-17 21:34:26,063 INFO: Seeding sample data... [in C:\Users\°½ÑåÏè\PycharmProjects\SustainabilityVolunteersService\app.py:164]
2025-12-17 21:34:26,120 INFO: Sample data seeded successfully. [in C:\Users\°½ÑåÏè\PycharmProjects\SustainabilityVolunteersService\app.py:380]
2025-12-17 21:34:26,122 INFO: Updated project 'Beach Cleanup Action' date to 2026-01-02 [in C:\Users\°½ÑåÏè\PycharmProjects\SustainabilityVolunteersService\app.py:155]
2025-12-17 21:34:26,123 INFO: Updated project 'River Conservation Program' date to 2026-01-03 [in C:\Users\°½ÑåÏè\PycharmProjects\SustainabilityVolunteersService\app.py:155]
2025-12-17 21:34:26,123 INFO: Updated project 'Community Book Donation' date to 2026-01-06 [in C:\Users\°½ÑåÏè\PycharmProjects\SustainabilityVolunteersService\app.py:155]
2025-12-17 21:34:26,123 INFO: Updated project 'Urban Street Tree Care' date to 2026-01-07 [in C:\Users\°½ÑåÏè\PycharmProjects\SustainabilityVolunteersService\app.py:155]
2025-12-17 21:34:26,128 INFO: Updated 7 project dates [in C:\Users\°½ÑåÏè\PycharmProjects\SustainabilityVolunteersService\app.py:158]
2025-12-17 21:35:21,734 INFO: Records batch updated count=2 status=approved by admin=3 [in C:\Users\°½ÑåÏè\PycharmProjects\SustainabilityVolunteersService\api\api_records.py:182]
2025-12-17 21:37:07,747 INFO: Project deleted id=6 by org=4 [in C:\Users\°½ÑåÏè\PycharmProjects\SustainabilityVolunteersService\api\api_projects.py:341]
2025-12-17 21:43:09,194 INFO: Sustainability Volunteer Service startup [in C:\Users\°½ÑåÏè\PycharmProjects\SustainabilityVolunteersService\app.py:82]
2025-12-17 21:43:09,217 INFO: Seeding sample data... [in C:\Users\°½ÑåÏè\PycharmProjects\SustainabilityVolunteersService\app.py:167]
2025-12-17 21:43:09,248 INFO: Sample data seeded successfully. [in C:\Users\°½ÑåÏè\PycharmProjects\SustainabilityVolunteersService\app.py:383]
2025-12-17 21:43:09,249 INFO: Updated project 'Beach Cleanup Action' date to 2026-01-02 [in C:\Users\°½ÑåÏè\PycharmProjects\SustainabilityVolunteersService\app.py:158]
2025-12-17 21:43:09,249 INFO: Updated project 'River Conservation Program' date to 2026-01-03 [in C:\Users\°½ÑåÏè\PycharmProjects\SustainabilityVolunteersService\app.py:158]
2025-12-17 21:43:09,249 INFO: Updated project 'Urban Street Tree Care' date to 2026-01-06 [in C:\Users\°½ÑåÏè\PycharmProjects\SustainabilityVolunteersService\app.py:158]
2025-12-17 21:43:09,250 INFO: Updated project 'Community Book Donation' date to 2026-01-07 [in C:\Users\°½ÑåÏè\PycharmProjects\SustainabilityVolunteersService\app.py:158]
2025-12-17 21:43:09,251 INFO: Updated 7 project dates [in C:\Users\°½ÑåÏè\PycharmProjects\SustainabilityVolunteersService\app.py:161]
2025-12-17 21:45:36,961 INFO: Sustainability Volunteer Service startup [in C:\Users\°½ÑåÏè\PycharmProjects\SustainabilityVolunteersService\app.py:82]
2025-12-17 21:45:36,980 INFO: Seeding sample data... [in C:\Users\°½ÑåÏè\PycharmProjects\SustainabilityVolunteersService\app.py:167]
2025-12-17 21:45:37,013 INFO: Sample data seeded successfully. [in C:\Users\°½ÑåÏè\PycharmProjects\SustainabilityVolunteersService\app.py:383]
2025-12-17 21:45:37,014 INFO: Updated project 'Beach Cleanup Action' date to 2026-01-02 [in C:\Users\°½ÑåÏè\PycharmProjects\SustainabilityVolunteersService\app.py:158]
2025-12-17 21:45:37,014 INFO: Updated project 'River Conservation Program' date to 2026-01-03 [in C:\Users\°½ÑåÏè\PycharmProjects\SustainabilityVolunteersService\app.py:158]
2025-12-17 21:45:37,015 INFO: Updated project 'Urban Street Tree Care' date to 2026-01-06 [in C:\Users\°½ÑåÏè\PycharmProjects\SustainabilityVolunteersService\app.py:158]
2025-12-17 21:45:37,015 INFO: Updated project 'Community Book Donation' date to 2026-01-07 [in C:\Users\°½ÑåÏè\PycharmProjects\SustainabilityVolunteersService\app.py:158]
2025-12-17 21:45:37,016 INFO: Updated 7 project dates [in C:\Users\°½ÑåÏè\PycharmProjects\SustainabilityVolunteersService\app.py:161]
2025-12-17 21:46:02,351 INFO: Sustainability Volunteer Service startup [in C:\Users\°½ÑåÏè\PycharmProjects\SustainabilityVolunteersService\app.py:82]
2025-12-17 21:46:02,373 INFO: Seeding sample data... [in C:\Users\°½ÑåÏè\PycharmProjects\SustainabilityVolunteersService\app.py:167]
2025-12-17 21:46:02,406 INFO: Sample data seeded successfully. [in C:\Users\°½ÑåÏè\PycharmProjects\SustainabilityVolunteersService\app.py:383]
2025-12-17 21:46:02,407 INFO: Updated project 'Beach Cleanup Action' date to 2026-01-02 [in C:\Users\°½ÑåÏè\PycharmProjects\SustainabilityVolunteersService\app.py:158]
2025-12-17 21:46:02,408 INFO: Updated project 'River Conservation Program' date to 2026-01-03 [in C:\Users\°½ÑåÏè\PycharmProjects\SustainabilityVolunteersService\app.py:158]
2025-12-17 21:46:02,408 INFO: Updated project 'Urban Street Tree Care' date to 2026-01-06 [in C:\Users\°½ÑåÏè\PycharmProjects\SustainabilityVolunteersService\app.py:158]
2025-12-17 21:46:02,408 INFO: Updated project 'Community Book Donation' date to 2026-01-07 [in C:\Users\°½ÑåÏè\PycharmProjects\SustainabilityVolunteersService\app.py:158]
2025-12-17 21:46:02,410 INFO: Updated 7 project dates [in C:\Users\°½ÑåÏè\PycharmProjects\SustainabilityVolunteersService\app.py:161]
2025-12-17 21:46:36,731 INFO: Sustainability Volunteer Service startup [in C:\Users\°½ÑåÏè\PycharmProjects\SustainabilityVolunteersService\app.py:82]
2025-12-17 21:46:36,748 INFO: Seeding sample data... [in C:\Users\°½ÑåÏè\PycharmProjects\SustainabilityVolunteersService\app.py:167]
2025-12-17 21:46:36,785 INFO: Sample data seeded successfully. [in C:\Users\°½ÑåÏè\PycharmProjects\SustainabilityVolunteersService\app.py:383]
2025-12-17 21:46:36,786 INFO: Updated project 'Beach Cleanup Action' date to 2026-01-02 [in C:\Users\°½ÑåÏè\PycharmProjects\SustainabilityVolunteersService\app.py:158]
2025-12-17 21:46:36,787 INFO: Updated project 'River Conservation Program' date to 2026-01-03 [in C:\Users\°½ÑåÏè\PycharmProjects\SustainabilityVolunteersService\app.py:158]
2025-12-17 21:46:36,787 INFO: Updated project 'Urban Street Tree Care' date to 2026-01-06 [in C:\Users\°½ÑåÏè\PycharmProjects\SustainabilityVolunteersService\app.py:158]
2025-12-17 21:46:36,788 INFO: Updated project 'Community Book Donation' date to 2026-01-07 [in C:\Users\°½ÑåÏè\PycharmProjects\SustainabilityVolunteersService\app.py:158]
2025-12-17 21:46:36,790 INFO: Updated 7 project dates [in C:\Users\°½ÑåÏè\PycharmProjects\SustainabilityVolunteersService\app.py:161]
2025-12-18 09:56:26,560 INFO: Sustainability Volunteer Service startup [in C:\Users\°½ÑåÏè\PycharmProjects\SustainabilityVolunteersService\app.py:82]
2025-12-18 09:56:26,587 INFO: Seeding sample data... [in C:\Users\°½ÑåÏè\PycharmProjects\SustainabilityVolunteersService\app.py:167]
2025-12-18 09:56:26,617 INFO: Sample data seeded successfully. [in C:\Users\°½ÑåÏè\PycharmProjects\SustainabilityVolunteersService\app.py:383]
2025-12-18 09:56:26,618 INFO: Updated project 'Beach Cleanup Action' date to 2026-01-03 [in C:\Users\°½ÑåÏè\PycharmProjects\SustainabilityVolunteersService\app.py:158]
2025-12-18 09:56:26,619 INFO: Updated project 'River Conservation Program' date to 2026-01-04 [in C:\Users\°½ÑåÏè\PycharmProjects\SustainabilityVolunteersService\app.py:158]
2025-12-18 09:56:26,619 INFO: Updated project 'Urban Street Tree Care' date to 2026-01-07 [in C:\Users\°½ÑåÏè\PycharmProjects\SustainabilityVolunteersService\app.py:158]
2025-12-18 09:56:26,619 INFO: Updated project 'Community Book Donation' date to 2026-01-08 [in C:\Users\°½ÑåÏè\PycharmProjects\SustainabilityVolunteersService\app.py:158]
2025-12-18 09:56:26,621 INFO: Updated 7 project dates [in C:\Users\°½ÑåÏè\PycharmProjects\SustainabilityVolunteersService\app.py:161]
2025-12-18 10:43:30,493 INFO: Sustainability Volunteer Service startup [in C:\Users\°½ÑåÏè\PycharmProjects\SustainabilityVolunteersService\app.py:82]
2025-12-18 10:43:30,546 INFO: Seeding sample data... [in C:\Users\°½ÑåÏè\PycharmProjects\SustainabilityVolunteersService\app.py:167]
2025-12-18 10:43:30,611 INFO: Sample data seeded successfully. [in C:\Users\°½ÑåÏè\PycharmProjects\SustainabilityVolunteersService\app.py:383]
2025-12-18 10:43:30,614 INFO: Updated project 'Beach Cleanup Action' date to 2026-01-03 [in C:\Users\°½ÑåÏè\PycharmProjects\SustainabilityVolunteersService\app.py:158]
2025-12-18 10:43:30,615 INFO: Updated project 'River Conservation Program' date to 2026-01-04 [in C:\Users\°½ÑåÏè\PycharmProjects\SustainabilityVolunteersService\app.py:158]
2025-12-18 10:43:30,615 INFO: Updated project 'Urban Street Tree Care' date to 2026-01-07 [in C:\Users\°½ÑåÏè\PycharmProjects\SustainabilityVolunteersService\app.py:158]
2025-12-18 10:43:30,615 INFO: Updated project 'Community Book Donation' date to 2026-01-08 [in C:\Users\°½ÑåÏè\PycharmProjects\SustainabilityVolunteersService\app.py:158]
2025-12-18 10:43:30,618 INFO: Updated 7 project dates [in C:\Users\°½ÑåÏè\PycharmProjects\SustainabilityVolunteersService\app.py:161]
2025-12-18 10:44:33,350 INFO: Register POST received: user_type=participant, username=aaaa, email=a@gmail.com [in C:\Users\°½ÑåÏè\PycharmProjects\SustainabilityVolunteersService\api\auth.py:119]
2025-12-18 10:44:33,565 INFO: Register success: id=6, username=aaaa, type=participant [in C:\Users\°½ÑåÏè\PycharmProjects\SustainabilityVolunteersService\api\auth.py:150]
2025-12-18 10:45:04,280 INFO: Registration created id=7 project=2 user=6 [in C:\Users\°½ÑåÏè\PycharmProjects\SustainabilityVolunteersService\api\api_registrations.py:214]
2025-12-18 10:45:04,285 INFO: Project moved to in_progress id=2 new_count=2 [in C:\Users\°½ÑåÏè\PycharmProjects\SustainabilityVolunteersService\api\api_registrations.py:224]
2025-12-18 10:47:05,423 INFO: Registration updated id=7 project=2 from=registered to=approved by user=4 [in C:\Users\°½ÑåÏè\PycharmProjects\SustainabilityVolunteersService\api\api_registrations.py:334]
2025-12-18 10:48:16,789 INFO: Registration updated id=7 project=2 from=approved to=completed by user=4 [in C:\Users\°½ÑåÏè\PycharmProjects\SustainabilityVolunteersService\api\api_registrations.py:334]
2025-12-18 10:49:05,275 INFO: Record status updated id=4 from=pending to=approved by admin=3 [in C:\Users\°½ÑåÏè\PycharmProjects\SustainabilityVolunteersService\api\api_records.py:138]
2025-12-18 10:51:55,302 WARNING: Project creation validation failed: {'min_participants': ['Minimum participants cannot be greater than maximum participants.']} [in C:\Users\°½ÑåÏè\PycharmProjects\SustainabilityVolunteersService\api\api_projects.py:169]
2025-12-18 10:58:50,120 INFO: User deleted id=6 by self user=None [in C:\Users\°½ÑåÏè\PycharmProjects\SustainabilityVolunteersService\api\api_users.py:256]
2025-12-18 10:58:58,452 WARNING: Login failed: invalid credentials identifier=aaaa user_type=participant [in C:\Users\°½ÑåÏè\PycharmProjects\SustainabilityVolunteersService\api\auth.py:97]
2025-12-18 13:59:35,735 INFO: Sustainability Volunteer Service startup [in C:\Users\°½ÑåÏè\PycharmProjects\SustainabilityVolunteersService\app.py:82]
2025-12-18 13:59:35,766 INFO: Seeding sample data... [in C:\Users\°½ÑåÏè\PycharmProjects\SustainabilityVolunteersService\app.py:167]
2025-12-18 13:59:35,800 INFO: Sample data seeded successfully. [in C:\Users\°½ÑåÏè\PycharmProjects\SustainabilityVolunteersService\app.py:383]
2025-12-18 13:59:35,802 INFO: Updated project 'Beach Cleanup Action' date to 2026-01-03 [in C:\Users\°½ÑåÏè\PycharmProjects\SustainabilityVolunteersService\app.py:158]
2025-12-18 13:59:35,802 INFO: Updated project 'River Conservation Program' date to 2026-01-04 [in C:\Users\°½ÑåÏè\PycharmProjects\SustainabilityVolunteersService\app.py:158]
2025-12-18 13:59:35,802 INFO: Updated project 'Urban Street Tree Care' date to 2026-01-07 [in C:\Users\°½ÑåÏè\PycharmProjects\SustainabilityVolunteersService\app.py:158]
2025-12-18 13:59:35,802 INFO: Updated project 'Community Book Donation' date to 2026-01-08 [in C:\Users\°½ÑåÏè\PycharmProjects\SustainabilityVolunteersService\app.py:158]
2025-12-18 13:59:35,804 INFO: Updated 7 project dates [in C:\Users\°½ÑåÏè\PycharmProjects\SustainabilityVolunteersService\app.py:161]
2025-12-18 14:01:14,003 WARNING: Login failed: invalid credentials identifier=greenearth user_type=participant [in C:\Users\°½ÑåÏè\PycharmProjects\SustainabilityVolunteersService\api\auth.py:97]
